2022-12-05 11:15:26,836 [1] INFO ClassFiles.Program - IgnorFile Created!
2022-12-05 11:16:04,203 [1] INFO ClassFiles.Program - IgnorFile Created!
2022-12-05 11:17:11,026 [1] INFO ClassFiles.Program - IgnorFile Created!
2022-12-05 11:18:24,217 [1] INFO ClassFiles.Program - IgnorFile Created!
2022-12-05 11:20:18,974 [1] INFO ClassFiles.Program - IgnorFile Created!
2022-12-05 11:20:40,794 [1] INFO ClassFiles.Program - IgnorFile Created!
2022-12-05 11:20:49,356 [1] INFO ClassFiles.Program - IgnorFile Created!
2022-12-05 11:22:07,565 [1] INFO ClassFiles.Program - IgnorFile Created!
2022-12-05 11:23:01,026 [1] INFO ClassFiles.Program - IgnorFile Created!
2022-12-05 11:23:12,002 [1] INFO ClassFiles.Program - IgnorFile Created!
2022-12-05 11:23:19,335 [1] INFO ClassFiles.Program - IgnorFile Created!
2022-12-05 11:28:39,553 [1] INFO ClassFiles.Program - IgnoreFile Created!
2022-12-05 11:34:12,000 [1] INFO ClassFiles.Program - IgnoreFile Created!
2022-12-05 11:48:06,967 [1] INFO ClassFiles.Program - IgnoreFile Created!
2022-12-05 11:49:41,323 [1] INFO ClassFiles.Program - IgnoreFile Created!
2022-12-05 11:50:17,035 [1] INFO ClassFiles.Program - IgnoreFile Created!
<<<<<<< HEAD
2022-12-05 11:52:57,715 [1] INFO ClassFiles.Program - IgnoreFile Created!
2022-12-05 12:03:28,218 [1] INFO ClassFiles.Program - IgnoreFile Created!
=======
2022-12-05 11:58:06,101 [1] INFO ClassFiles.Program - IgnoreFile Created!
<<<<<<< HEAD
2022-12-05 12:16:47,845 [1] INFO ClassFiles.Program - IgnoreFile Created!
2022-12-05 12:18:20,793 [1] INFO ClassFiles.Program - IgnoreFile Created!
=======
>>>>>>> bee9de7eb186b96430a41ebac4da60bcc260ac18
2022-12-05 12:15:47,948 [1] INFO ClassFiles.Program - IgnoreFile Created!
2022-12-05 12:16:09,114 [1] INFO ClassFiles.Program - IgnoreFile Created!
2022-12-05 12:16:37,029 [1] INFO ClassFiles.Program - IgnoreFile Created!
2022-12-05 12:17:46,534 [1] INFO ClassFiles.Program - IgnoreFile Created!
2022-12-05 12:19:52,380 [1] INFO ClassFiles.Program - IgnoreFile Created!
2022-12-05 12:20:09,064 [1] INFO ClassFiles.Program - IgnoreFile Created!
2022-12-05 12:20:13,721 [1] INFO ClassFiles.Program - IgnoreFile Created!
>>>>>>> 6d94eee15cee06577ada6250cfd08ae1b99c3619
2022-12-05 12:33:14,851 [1] INFO ClassFiles.Program - IgnoreFile Created!
2022-12-05 13:13:21,527 [1] INFO ClassFiles.Program - IgnoreFile Created!
2022-12-05 13:14:40,371 [1] INFO ClassFiles.Program - IgnoreFile Created!
